<?xml version="1.0" encoding="UTF-8"?>
<!-- Generated by org.testng.reporters.JUnitReportReporter -->
<testsuite hostname="AMIT-D" failures="0" tests="4" name="Testcases3.Setting_prorites_enable_attribute" time="0.029" errors="0" timestamp="2024-05-10T20:43:32 IST" skipped="1">
  <testcase classname="Testcases3.Setting_prorites_enable_attribute" name="entercrediantial" time="0.003"/>
  <system-out/>
  <testcase classname="Testcases3.Setting_prorites_enable_attribute" name="driverclosing" time="0.023"/>
  <system-out/>
  <testcase classname="Testcases3.Setting_prorites_enable_attribute" name="enterurl" time="0.003"/>
  <system-out/>
  <testcase classname="Testcases3.Setting_prorites_enable_attribute" name="driverinitialise">
    <skipped/>
  </testcase> <!-- driverinitialise -->
  <system-out/>
</testsuite> <!-- Testcases3.Setting_prorites_enable_attribute -->
