<?xml version="1.0" encoding="UTF-8"?>
<!-- Generated by org.testng.reporters.JUnitReportReporter -->
<testsuite hostname="AMIT-D" failures="0" tests="2" name="Testcases3.Setting_priorites_dependsOnMethod" time="0.027" errors="0" timestamp="2024-05-10T20:55:16 IST" skipped="0">
  <testcase classname="Testcases3.Setting_priorites_dependsOnMethod" name="enterurl" time="0.003"/>
  <system-out/>
  <testcase classname="Testcases3.Setting_priorites_dependsOnMethod" name="driverinitialise" time="0.024"/>
  <system-out/>
</testsuite> <!-- Testcases3.Setting_priorites_dependsOnMethod -->
