<?xml version="1.0" encoding="UTF-8"?>
<!-- Generated by org.testng.reporters.JUnitReportReporter -->
<testsuite hostname="AMIT-D" failures="0" tests="4" name="Testcases3.Setting_priorites2" time="0.032" errors="0" timestamp="2024-05-10T20:35:36 IST" skipped="0">
  <testcase classname="Testcases3.Setting_priorites2" name="enterurl" time="0.021"/>
  <system-out/>
  <testcase classname="Testcases3.Setting_priorites2" name="driverinitialise" time="0.004"/>
  <system-out/>
  <testcase classname="Testcases3.Setting_priorites2" name="entercrediantial" time="0.004"/>
  <system-out/>
  <testcase classname="Testcases3.Setting_priorites2" name="driverclosing" time="0.003"/>
  <system-out/>
</testsuite> <!-- Testcases3.Setting_priorites2 -->
