<?xml version="1.0" encoding="UTF-8"?>
<!-- Generated by org.testng.reporters.JUnitReportReporter -->
<testsuite hostname="AMIT-D" failures="0" tests="2" name="Testcases3.A" time="0.022" errors="0" timestamp="2024-05-09T21:11:08 IST" skipped="0">
  <testcase classname="Testcases3.A" name="enterurl" time="0.020"/>
  <system-out/>
  <testcase classname="Testcases3.A" name="launchBrowser" time="0.002"/>
  <system-out/>
</testsuite> <!-- Testcases3.A -->
