<?xml version="1.0" encoding="UTF-8"?>
<!-- Generated by org.testng.reporters.JUnitReportReporter -->
<testsuite hostname="AMIT-D" failures="0" tests="4" name="Testcases3.Setting_prioritese" time="0.050" errors="0" timestamp="2024-05-10T20:33:08 IST" skipped="0">
  <testcase classname="Testcases3.Setting_prioritese" name="enterurl" time="0.039"/>
  <system-out/>
  <testcase classname="Testcases3.Setting_prioritese" name="driverinitialise" time="0.004"/>
  <system-out/>
  <testcase classname="Testcases3.Setting_prioritese" name="driverclosing" time="0.003"/>
  <system-out/>
  <testcase classname="Testcases3.Setting_prioritese" name="entercrediantial" time="0.004"/>
  <system-out/>
</testsuite> <!-- Testcases3.Setting_prioritese -->
