<?xml version="1.0" encoding="UTF-8"?>
<!-- Generated by org.testng.reporters.JUnitReportReporter -->
<testsuite hostname="AMIT-D" failures="0" tests="2" name="Testcases3.AnnotationPractice" time="0.007" errors="0" timestamp="2024-05-09T21:11:08 IST" skipped="0">
  <testcase classname="Testcases3.AnnotationPractice" name="z1" time="0.003"/>
  <system-out/>
  <testcase classname="Testcases3.AnnotationPractice" name="m1" time="0.004"/>
  <system-out/>
</testsuite> <!-- Testcases3.AnnotationPractice -->
